<?xml version="1.0" encoding="UTF-8"?>
<coverage generated="1770638246533" clover="3.2.0">
  <project timestamp="1770638246533" name="All files">
    <metrics statements="6143" coveredstatements="2425" conditionals="398" coveredconditionals="352" methods="185" coveredmethods="147" elements="6726" coveredelements="2924" complexity="0" loc="6143" ncloc="6143" packages="14" files="63" classes="63"/>
    <package name="example.convex">
      <metrics statements="209" coveredstatements="139" conditionals="27" coveredconditionals="20" methods="23" coveredmethods="18"/>
      <file name="auth.config.ts" path="/Volumes/Workspace/nodejs/Liberty/saas-starter/convex-authz-tenants-packages/packages/tenants/example/convex/auth.config.ts">
        <metrics statements="8" coveredstatements="0" conditionals="1" coveredconditionals="0" methods="1" coveredmethods="0"/>
        <line num="1" count="0" type="cond" truecount="0" falsecount="1"/>
        <line num="2" count="0" type="stmt"/>
        <line num="3" count="0" type="stmt"/>
        <line num="4" count="0" type="stmt"/>
        <line num="5" count="0" type="stmt"/>
        <line num="6" count="0" type="stmt"/>
        <line num="7" count="0" type="stmt"/>
        <line num="8" count="0" type="stmt"/>
      </file>
      <file name="auth.ts" path="/Volumes/Workspace/nodejs/Liberty/saas-starter/convex-authz-tenants-packages/packages/tenants/example/convex/auth.ts">
        <metrics statements="5" coveredstatements="0" conditionals="1" coveredconditionals="0" methods="1" coveredmethods="0"/>
        <line num="1" count="0" type="cond" truecount="0" falsecount="1"/>
        <line num="2" count="0" type="stmt"/>
        <line num="4" count="0" type="stmt"/>
        <line num="5" count="0" type="stmt"/>
        <line num="6" count="0" type="stmt"/>
      </file>
      <file name="authz.ts" path="/Volumes/Workspace/nodejs/Liberty/saas-starter/convex-authz-tenants-packages/packages/tenants/example/convex/authz.ts">
        <metrics statements="8" coveredstatements="8" conditionals="0" coveredconditionals="0" methods="0" coveredmethods="0"/>
        <line num="10" count="1" type="stmt"/>
        <line num="11" count="1" type="stmt"/>
        <line num="12" count="1" type="stmt"/>
        <line num="15" count="1" type="stmt"/>
        <line num="28" count="1" type="stmt"/>
        <line num="31" count="1" type="stmt"/>
        <line num="50" count="1" type="stmt"/>
        <line num="53" count="1" type="stmt"/>
      </file>
      <file name="convex.config.ts" path="/Volumes/Workspace/nodejs/Liberty/saas-starter/convex-authz-tenants-packages/packages/tenants/example/convex/convex.config.ts">
        <metrics statements="7" coveredstatements="0" conditionals="1" coveredconditionals="0" methods="1" coveredmethods="0"/>
        <line num="1" count="0" type="cond" truecount="0" falsecount="1"/>
        <line num="2" count="0" type="stmt"/>
        <line num="3" count="0" type="stmt"/>
        <line num="5" count="0" type="stmt"/>
        <line num="6" count="0" type="stmt"/>
        <line num="7" count="0" type="stmt"/>
        <line num="9" count="0" type="stmt"/>
      </file>
      <file name="http.ts" path="/Volumes/Workspace/nodejs/Liberty/saas-starter/convex-authz-tenants-packages/packages/tenants/example/convex/http.ts">
        <metrics statements="5" coveredstatements="0" conditionals="1" coveredconditionals="0" methods="1" coveredmethods="0"/>
        <line num="1" count="0" type="cond" truecount="0" falsecount="1"/>
        <line num="2" count="0" type="stmt"/>
        <line num="4" count="0" type="stmt"/>
        <line num="6" count="0" type="stmt"/>
        <line num="8" count="0" type="stmt"/>
      </file>
      <file name="schema.ts" path="/Volumes/Workspace/nodejs/Liberty/saas-starter/convex-authz-tenants-packages/packages/tenants/example/convex/schema.ts">
        <metrics statements="10" coveredstatements="10" conditionals="0" coveredconditionals="0" methods="0" coveredmethods="0"/>
        <line num="1" count="1" type="stmt"/>
        <line num="2" count="1" type="stmt"/>
        <line num="3" count="1" type="stmt"/>
        <line num="5" count="1" type="stmt"/>
        <line num="6" count="1" type="stmt"/>
        <line num="9" count="1" type="stmt"/>
        <line num="10" count="1" type="stmt"/>
        <line num="11" count="1" type="stmt"/>
        <line num="12" count="1" type="stmt"/>
        <line num="13" count="1" type="stmt"/>
      </file>
      <file name="tenants.ts" path="/Volumes/Workspace/nodejs/Liberty/saas-starter/convex-authz-tenants-packages/packages/tenants/example/convex/tenants.ts">
        <metrics statements="45" coveredstatements="0" conditionals="1" coveredconditionals="0" methods="1" coveredmethods="0"/>
        <line num="1" count="0" type="cond" truecount="0" falsecount="1"/>
        <line num="2" count="0" type="stmt"/>
        <line num="3" count="0" type="stmt"/>
        <line num="4" count="0" type="stmt"/>
        <line num="12" count="0" type="stmt"/>
        <line num="14" count="0" type="stmt"/>
        <line num="15" count="0" type="stmt"/>
        <line num="17" count="0" type="stmt"/>
        <line num="18" count="0" type="stmt"/>
        <line num="20" count="0" type="stmt"/>
        <line num="21" count="0" type="stmt"/>
        <line num="23" count="0" type="stmt"/>
        <line num="24" count="0" type="stmt"/>
        <line num="26" count="0" type="stmt"/>
        <line num="27" count="0" type="stmt"/>
        <line num="28" count="0" type="stmt"/>
        <line num="29" count="0" type="stmt"/>
        <line num="30" count="0" type="stmt"/>
        <line num="31" count="0" type="stmt"/>
        <line num="32" count="0" type="stmt"/>
        <line num="33" count="0" type="stmt"/>
        <line num="34" count="0" type="stmt"/>
        <line num="36" count="0" type="stmt"/>
        <line num="38" count="0" type="stmt"/>
        <line num="39" count="0" type="stmt"/>
        <line num="40" count="0" type="stmt"/>
        <line num="41" count="0" type="stmt"/>
        <line num="42" count="0" type="stmt"/>
        <line num="43" count="0" type="stmt"/>
        <line num="44" count="0" type="stmt"/>
        <line num="47" count="0" type="stmt"/>
        <line num="48" count="0" type="stmt"/>
        <line num="49" count="0" type="stmt"/>
        <line num="50" count="0" type="stmt"/>
        <line num="51" count="0" type="stmt"/>
        <line num="52" count="0" type="stmt"/>
        <line num="53" count="0" type="stmt"/>
        <line num="54" count="0" type="stmt"/>
        <line num="55" count="0" type="stmt"/>
        <line num="56" count="0" type="stmt"/>
        <line num="57" count="0" type="stmt"/>
        <line num="58" count="0" type="stmt"/>
        <line num="59" count="0" type="stmt"/>
        <line num="61" count="0" type="stmt"/>
        <line num="62" count="0" type="stmt"/>
      </file>
      <file name="testHelpers.ts" path="/Volumes/Workspace/nodejs/Liberty/saas-starter/convex-authz-tenants-packages/packages/tenants/example/convex/testHelpers.ts">
        <metrics statements="121" coveredstatements="121" conditionals="22" coveredconditionals="20" methods="18" coveredmethods="18"/>
        <line num="8" count="1" type="stmt"/>
        <line num="9" count="1" type="stmt"/>
        <line num="10" count="1" type="stmt"/>
        <line num="11" count="1" type="stmt"/>
        <line num="12" count="1" type="stmt"/>
        <line num="14" count="1" type="stmt"/>
        <line num="15" count="1" type="stmt"/>
        <line num="16" count="1" type="cond" truecount="1" falsecount="0"/>
        <line num="17" count="234" type="stmt"/>
        <line num="18" count="234" type="cond" truecount="2" falsecount="0"/>
        <line num="19" count="234" type="stmt"/>
        <line num="21" count="1" type="cond" truecount="1" falsecount="0"/>
        <line num="22" count="23" type="stmt"/>
        <line num="23" count="23" type="stmt"/>
        <line num="24" count="23" type="stmt"/>
        <line num="27" count="1" type="cond" truecount="1" falsecount="0"/>
        <line num="28" count="60" type="stmt"/>
        <line num="29" count="60" type="stmt"/>
        <line num="30" count="1" type="cond" truecount="1" falsecount="0"/>
        <line num="31" count="3" type="stmt"/>
        <line num="32" count="3" type="stmt"/>
        <line num="35" count="1" type="cond" truecount="1" falsecount="0"/>
        <line num="36" count="22" type="stmt"/>
        <line num="37" count="22" type="stmt"/>
        <line num="38" count="1" type="cond" truecount="1" falsecount="0"/>
        <line num="39" count="3" type="stmt"/>
        <line num="40" count="3" type="stmt"/>
        <line num="41" count="1" type="cond" truecount="1" falsecount="0"/>
        <line num="42" count="2" type="stmt"/>
        <line num="43" count="2" type="stmt"/>
        <line num="44" count="1" type="cond" truecount="1" falsecount="0"/>
        <line num="45" count="5" type="stmt"/>
        <line num="46" count="5" type="stmt"/>
        <line num="49" count="1" type="cond" truecount="1" falsecount="0"/>
        <line num="50" count="18" type="stmt"/>
        <line num="51" count="18" type="stmt"/>
        <line num="52" count="1" type="cond" truecount="1" falsecount="0"/>
        <line num="53" count="3" type="stmt"/>
        <line num="54" count="3" type="stmt"/>
        <line num="55" count="1" type="cond" truecount="1" falsecount="0"/>
        <line num="56" count="9" type="stmt"/>
        <line num="57" count="9" type="stmt"/>
        <line num="58" count="1" type="cond" truecount="1" falsecount="0"/>
        <line num="59" count="3" type="stmt"/>
        <line num="60" count="3" type="stmt"/>
        <line num="63" count="1" type="cond" truecount="1" falsecount="0"/>
        <line num="64" count="12" type="stmt"/>
        <line num="65" count="12" type="stmt"/>
        <line num="66" count="1" type="cond" truecount="1" falsecount="0"/>
        <line num="67" count="1" type="stmt"/>
        <line num="68" count="1" type="stmt"/>
        <line num="69" count="1" type="cond" truecount="1" falsecount="0"/>
        <line num="70" count="3" type="stmt"/>
        <line num="71" count="3" type="stmt"/>
        <line num="72" count="1" type="stmt"/>
        <line num="76" count="1" type="stmt"/>
        <line num="77" count="1" type="stmt"/>
        <line num="78" count="1" type="stmt"/>
        <line num="79" count="1" type="stmt"/>
        <line num="80" count="1" type="stmt"/>
        <line num="81" count="1" type="stmt"/>
        <line num="83" count="1" type="stmt"/>
        <line num="84" count="1" type="stmt"/>
        <line num="85" count="1" type="stmt"/>
        <line num="86" count="1" type="stmt"/>
        <line num="87" count="1" type="stmt"/>
        <line num="88" count="1" type="stmt"/>
        <line num="89" count="1" type="stmt"/>
        <line num="91" count="1" type="stmt"/>
        <line num="92" count="1" type="stmt"/>
        <line num="93" count="1" type="stmt"/>
        <line num="94" count="1" type="stmt"/>
        <line num="95" count="1" type="stmt"/>
        <line num="96" count="1" type="stmt"/>
        <line num="97" count="1" type="stmt"/>
        <line num="98" count="1" type="stmt"/>
        <line num="99" count="1" type="stmt"/>
        <line num="101" count="1" type="stmt"/>
        <line num="102" count="1" type="stmt"/>
        <line num="103" count="1" type="stmt"/>
        <line num="104" count="1" type="stmt"/>
        <line num="105" count="1" type="stmt"/>
        <line num="106" count="1" type="stmt"/>
        <line num="107" count="1" type="stmt"/>
        <line num="110" count="1" type="stmt"/>
        <line num="111" count="1" type="stmt"/>
        <line num="112" count="1" type="stmt"/>
        <line num="113" count="1" type="stmt"/>
        <line num="114" count="1" type="stmt"/>
        <line num="115" count="1" type="stmt"/>
        <line num="118" count="1" type="stmt"/>
        <line num="119" count="1" type="stmt"/>
        <line num="120" count="1" type="cond" truecount="1" falsecount="0"/>
        <line num="121" count="15" type="stmt"/>
        <line num="122" count="15" type="stmt"/>
        <line num="123" count="1" type="stmt"/>
        <line num="129" count="1" type="stmt"/>
        <line num="130" count="1" type="stmt"/>
        <line num="131" count="1" type="stmt"/>
        <line num="132" count="1" type="stmt"/>
        <line num="133" count="1" type="stmt"/>
        <line num="134" count="1" type="cond" truecount="1" falsecount="0"/>
        <line num="135" count="2" type="stmt"/>
        <line num="136" count="2" type="cond" truecount="0" falsecount="1"/>
        <line num="138" count="2" type="stmt"/>
        <line num="139" count="2" type="stmt"/>
        <line num="140" count="2" type="stmt"/>
        <line num="141" count="2" type="stmt"/>
        <line num="142" count="2" type="stmt"/>
        <line num="143" count="2" type="stmt"/>
        <line num="144" count="1" type="stmt"/>
        <line num="146" count="1" type="stmt"/>
        <line num="147" count="1" type="stmt"/>
        <line num="148" count="1" type="cond" truecount="1" falsecount="0"/>
        <line num="149" count="2" type="stmt"/>
        <line num="150" count="2" type="cond" truecount="0" falsecount="1"/>
        <line num="152" count="2" type="stmt"/>
        <line num="153" count="2" type="stmt"/>
        <line num="154" count="2" type="stmt"/>
        <line num="155" count="2" type="stmt"/>
        <line num="156" count="1" type="stmt"/>
      </file>
    </package>
    <package name="example.convex._generated">
      <metrics statements="98" coveredstatements="98" conditionals="0" coveredconditionals="0" methods="0" coveredmethods="0"/>
      <file name="api.js" path="/Volumes/Workspace/nodejs/Liberty/saas-starter/convex-authz-tenants-packages/packages/tenants/example/convex/_generated/api.js">
        <metrics statements="21" coveredstatements="21" conditionals="0" coveredconditionals="0" methods="0" coveredmethods="0"/>
        <line num="1" count="1" type="stmt"/>
        <line num="2" count="1" type="stmt"/>
        <line num="3" count="1" type="stmt"/>
        <line num="4" count="1" type="stmt"/>
        <line num="5" count="1" type="stmt"/>
        <line num="6" count="1" type="stmt"/>
        <line num="7" count="1" type="stmt"/>
        <line num="8" count="1" type="stmt"/>
        <line num="9" count="1" type="stmt"/>
        <line num="11" count="1" type="stmt"/>
        <line num="13" count="1" type="stmt"/>
        <line num="14" count="1" type="stmt"/>
        <line num="15" count="1" type="stmt"/>
        <line num="16" count="1" type="stmt"/>
        <line num="17" count="1" type="stmt"/>
        <line num="18" count="1" type="stmt"/>
        <line num="19" count="1" type="stmt"/>
        <line num="20" count="1" type="stmt"/>
        <line num="21" count="1" type="stmt"/>
        <line num="22" count="1" type="stmt"/>
        <line num="23" count="1" type="stmt"/>
      </file>
      <file name="server.js" path="/Volumes/Workspace/nodejs/Liberty/saas-starter/convex-authz-tenants-packages/packages/tenants/example/convex/_generated/server.js">
        <metrics statements="77" coveredstatements="77" conditionals="0" coveredconditionals="0" methods="0" coveredmethods="0"/>
        <line num="1" count="1" type="stmt"/>
        <line num="2" count="1" type="stmt"/>
        <line num="3" count="1" type="stmt"/>
        <line num="4" count="1" type="stmt"/>
        <line num="5" count="1" type="stmt"/>
        <line num="6" count="1" type="stmt"/>
        <line num="7" count="1" type="stmt"/>
        <line num="8" count="1" type="stmt"/>
        <line num="9" count="1" type="stmt"/>
        <line num="11" count="1" type="stmt"/>
        <line num="21" count="1" type="stmt"/>
        <line num="22" count="1" type="stmt"/>
        <line num="23" count="1" type="stmt"/>
        <line num="24" count="1" type="stmt"/>
        <line num="25" count="1" type="stmt"/>
        <line num="26" count="1" type="stmt"/>
        <line num="27" count="1" type="stmt"/>
        <line num="28" count="1" type="stmt"/>
        <line num="29" count="1" type="stmt"/>
        <line num="31" count="1" type="stmt"/>
        <line num="32" count="1" type="stmt"/>
        <line num="33" count="1" type="stmt"/>
        <line num="34" count="1" type="stmt"/>
        <line num="35" count="1" type="stmt"/>
        <line num="36" count="1" type="stmt"/>
        <line num="37" count="1" type="stmt"/>
        <line num="38" count="1" type="stmt"/>
        <line num="39" count="1" type="stmt"/>
        <line num="41" count="1" type="stmt"/>
        <line num="42" count="1" type="stmt"/>
        <line num="43" count="1" type="stmt"/>
        <line num="44" count="1" type="stmt"/>
        <line num="45" count="1" type="stmt"/>
        <line num="46" count="1" type="stmt"/>
        <line num="47" count="1" type="stmt"/>
        <line num="48" count="1" type="stmt"/>
        <line num="49" count="1" type="stmt"/>
        <line num="51" count="1" type="stmt"/>
        <line num="52" count="1" type="stmt"/>
        <line num="53" count="1" type="stmt"/>
        <line num="54" count="1" type="stmt"/>
        <line num="55" count="1" type="stmt"/>
        <line num="56" count="1" type="stmt"/>
        <line num="57" count="1" type="stmt"/>
        <line num="58" count="1" type="stmt"/>
        <line num="59" count="1" type="stmt"/>
        <line num="61" count="1" type="stmt"/>
        <line num="62" count="1" type="stmt"/>
        <line num="63" count="1" type="stmt"/>
        <line num="64" count="1" type="stmt"/>
        <line num="65" count="1" type="stmt"/>
        <line num="66" count="1" type="stmt"/>
        <line num="67" count="1" type="stmt"/>
        <line num="68" count="1" type="stmt"/>
        <line num="69" count="1" type="stmt"/>
        <line num="70" count="1" type="stmt"/>
        <line num="71" count="1" type="stmt"/>
        <line num="72" count="1" type="stmt"/>
        <line num="74" count="1" type="stmt"/>
        <line num="75" count="1" type="stmt"/>
        <line num="76" count="1" type="stmt"/>
        <line num="77" count="1" type="stmt"/>
        <line num="78" count="1" type="stmt"/>
        <line num="79" count="1" type="stmt"/>
        <line num="80" count="1" type="stmt"/>
        <line num="82" count="1" type="stmt"/>
        <line num="83" count="1" type="stmt"/>
        <line num="84" count="1" type="stmt"/>
        <line num="85" count="1" type="stmt"/>
        <line num="86" count="1" type="stmt"/>
        <line num="87" count="1" type="stmt"/>
        <line num="88" count="1" type="stmt"/>
        <line num="89" count="1" type="stmt"/>
        <line num="90" count="1" type="stmt"/>
        <line num="91" count="1" type="stmt"/>
        <line num="92" count="1" type="stmt"/>
        <line num="93" count="1" type="stmt"/>
      </file>
    </package>
    <package name="example.src">
      <metrics statements="275" coveredstatements="0" conditionals="3" coveredconditionals="2" methods="3" coveredmethods="2"/>
      <file name="App.tsx" path="/Volumes/Workspace/nodejs/Liberty/saas-starter/convex-authz-tenants-packages/packages/tenants/example/src/App.tsx">
        <metrics statements="116" coveredstatements="0" conditionals="1" coveredconditionals="1" methods="1" coveredmethods="1"/>
        <line num="3" count="0" type="stmt"/>
        <line num="4" count="0" type="stmt"/>
        <line num="5" count="0" type="stmt"/>
        <line num="6" count="0" type="stmt"/>
        <line num="7" count="0" type="stmt"/>
        <line num="15" count="0" type="stmt"/>
        <line num="16" count="0" type="stmt"/>
        <line num="25" count="0" type="stmt"/>
        <line num="26" count="0" type="stmt"/>
        <line num="28" count="0" type="stmt"/>
        <line num="29" count="0" type="stmt"/>
        <line num="30" count="0" type="stmt"/>
        <line num="31" count="0" type="stmt"/>
        <line num="32" count="0" type="stmt"/>
        <line num="34" count="0" type="stmt"/>
        <line num="36" count="0" type="stmt"/>
        <line num="37" count="0" type="stmt"/>
        <line num="38" count="0" type="stmt"/>
        <line num="40" count="0" type="stmt"/>
        <line num="41" count="0" type="stmt"/>
        <line num="42" count="0" type="stmt"/>
        <line num="43" count="0" type="stmt"/>
        <line num="44" count="0" type="stmt"/>
        <line num="45" count="0" type="stmt"/>
        <line num="46" count="0" type="stmt"/>
        <line num="47" count="0" type="stmt"/>
        <line num="48" count="0" type="stmt"/>
        <line num="49" count="0" type="stmt"/>
        <line num="51" count="0" type="stmt"/>
        <line num="52" count="0" type="stmt"/>
        <line num="54" count="0" type="stmt"/>
        <line num="56" count="0" type="stmt"/>
        <line num="57" count="0" type="stmt"/>
        <line num="58" count="0" type="stmt"/>
        <line num="59" count="0" type="stmt"/>
        <line num="60" count="0" type="stmt"/>
        <line num="62" count="0" type="stmt"/>
        <line num="63" count="0" type="stmt"/>
        <line num="64" count="0" type="stmt"/>
        <line num="65" count="0" type="stmt"/>
        <line num="67" count="0" type="stmt"/>
        <line num="68" count="0" type="stmt"/>
        <line num="70" count="0" type="stmt"/>
        <line num="71" count="0" type="stmt"/>
        <line num="72" count="0" type="stmt"/>
        <line num="73" count="0" type="stmt"/>
        <line num="75" count="0" type="stmt"/>
        <line num="76" count="0" type="stmt"/>
        <line num="78" count="0" type="stmt"/>
        <line num="79" count="0" type="stmt"/>
        <line num="81" count="0" type="stmt"/>
        <line num="82" count="0" type="stmt"/>
        <line num="84" count="0" type="stmt"/>
        <line num="85" count="0" type="stmt"/>
        <line num="86" count="0" type="stmt"/>
        <line num="87" count="0" type="stmt"/>
        <line num="89" count="0" type="stmt"/>
        <line num="90" count="0" type="stmt"/>
        <line num="91" count="0" type="stmt"/>
        <line num="92" count="0" type="stmt"/>
        <line num="93" count="0" type="stmt"/>
        <line num="94" count="0" type="stmt"/>
        <line num="96" count="0" type="stmt"/>
        <line num="97" count="0" type="stmt"/>
        <line num="98" count="0" type="stmt"/>
        <line num="99" count="0" type="stmt"/>
        <line num="100" count="0" type="stmt"/>
        <line num="101" count="0" type="stmt"/>
        <line num="102" count="0" type="stmt"/>
        <line num="103" count="0" type="stmt"/>
        <line num="105" count="0" type="stmt"/>
        <line num="106" count="0" type="stmt"/>
        <line num="107" count="0" type="stmt"/>
        <line num="109" count="0" type="stmt"/>
        <line num="111" count="0" type="stmt"/>
        <line num="112" count="0" type="stmt"/>
        <line num="113" count="0" type="stmt"/>
        <line num="114" count="0" type="stmt"/>
        <line num="115" count="0" type="stmt"/>
        <line num="116" count="0" type="stmt"/>
        <line num="117" count="0" type="stmt"/>
        <line num="118" count="0" type="stmt"/>
        <line num="119" count="0" type="stmt"/>
        <line num="121" count="0" type="stmt"/>
        <line num="123" count="0" type="stmt"/>
        <line num="124" count="0" type="stmt"/>
        <line num="125" count="0" type="stmt"/>
        <line num="126" count="0" type="stmt"/>
        <line num="127" count="0" type="stmt"/>
        <line num="128" count="0" type="stmt"/>
        <line num="129" count="0" type="stmt"/>
        <line num="130" count="0" type="stmt"/>
        <line num="132" count="0" type="stmt"/>
        <line num="134" count="0" type="stmt"/>
        <line num="135" count="0" type="stmt"/>
        <line num="136" count="0" type="stmt"/>
        <line num="138" count="0" type="stmt"/>
        <line num="139" count="0" type="stmt"/>
        <line num="140" count="0" type="stmt"/>
        <line num="141" count="0" type="stmt"/>
        <line num="142" count="0" type="stmt"/>
        <line num="143" count="0" type="stmt"/>
        <line num="144" count="0" type="stmt"/>
        <line num="147" count="0" type="stmt"/>
        <line num="148" count="0" type="stmt"/>
        <line num="150" count="0" type="stmt"/>
        <line num="153" count="0" type="stmt"/>
        <line num="154" count="0" type="stmt"/>
        <line num="155" count="0" type="stmt"/>
        <line num="156" count="0" type="stmt"/>
        <line num="158" count="0" type="stmt"/>
        <line num="160" count="0" type="stmt"/>
        <line num="161" count="0" type="stmt"/>
        <line num="162" count="0" type="stmt"/>
        <line num="164" count="0" type="stmt"/>
        <line num="166" count="0" type="stmt"/>
      </file>
      <file name="SignIn.tsx" path="/Volumes/Workspace/nodejs/Liberty/saas-starter/convex-authz-tenants-packages/packages/tenants/example/src/SignIn.tsx">
        <metrics statements="144" coveredstatements="0" conditionals="1" coveredconditionals="1" methods="1" coveredmethods="1"/>
        <line num="3" count="0" type="stmt"/>
        <line num="4" count="0" type="stmt"/>
        <line num="5" count="0" type="stmt"/>
        <line num="7" count="0" type="stmt"/>
        <line num="8" count="0" type="stmt"/>
        <line num="9" count="0" type="stmt"/>
        <line num="10" count="0" type="stmt"/>
        <line num="11" count="0" type="stmt"/>
        <line num="13" count="0" type="stmt"/>
        <line num="14" count="0" type="stmt"/>
        <line num="15" count="0" type="stmt"/>
        <line num="16" count="0" type="stmt"/>
        <line num="18" count="0" type="stmt"/>
        <line num="20" count="0" type="stmt"/>
        <line num="21" count="0" type="stmt"/>
        <line num="22" count="0" type="stmt"/>
        <line num="23" count="0" type="stmt"/>
        <line num="24" count="0" type="stmt"/>
        <line num="25" count="0" type="stmt"/>
        <line num="26" count="0" type="stmt"/>
        <line num="27" count="0" type="stmt"/>
        <line num="28" count="0" type="stmt"/>
        <line num="29" count="0" type="stmt"/>
        <line num="30" count="0" type="stmt"/>
        <line num="31" count="0" type="stmt"/>
        <line num="33" count="0" type="stmt"/>
        <line num="34" count="0" type="stmt"/>
        <line num="35" count="0" type="stmt"/>
        <line num="37" count="0" type="stmt"/>
        <line num="38" count="0" type="stmt"/>
        <line num="39" count="0" type="stmt"/>
        <line num="40" count="0" type="stmt"/>
        <line num="41" count="0" type="stmt"/>
        <line num="43" count="0" type="stmt"/>
        <line num="44" count="0" type="stmt"/>
        <line num="45" count="0" type="stmt"/>
        <line num="46" count="0" type="stmt"/>
        <line num="47" count="0" type="stmt"/>
        <line num="48" count="0" type="stmt"/>
        <line num="49" count="0" type="stmt"/>
        <line num="52" count="0" type="stmt"/>
        <line num="53" count="0" type="stmt"/>
        <line num="55" count="0" type="stmt"/>
        <line num="56" count="0" type="stmt"/>
        <line num="57" count="0" type="stmt"/>
        <line num="58" count="0" type="stmt"/>
        <line num="59" count="0" type="stmt"/>
        <line num="61" count="0" type="stmt"/>
        <line num="62" count="0" type="stmt"/>
        <line num="63" count="0" type="stmt"/>
        <line num="64" count="0" type="stmt"/>
        <line num="65" count="0" type="stmt"/>
        <line num="66" count="0" type="stmt"/>
        <line num="67" count="0" type="stmt"/>
        <line num="68" count="0" type="stmt"/>
        <line num="69" count="0" type="stmt"/>
        <line num="70" count="0" type="stmt"/>
        <line num="71" count="0" type="stmt"/>
        <line num="72" count="0" type="stmt"/>
        <line num="73" count="0" type="stmt"/>
        <line num="74" count="0" type="stmt"/>
        <line num="77" count="0" type="stmt"/>
        <line num="78" count="0" type="stmt"/>
        <line num="79" count="0" type="stmt"/>
        <line num="80" count="0" type="stmt"/>
        <line num="81" count="0" type="stmt"/>
        <line num="83" count="0" type="stmt"/>
        <line num="84" count="0" type="stmt"/>
        <line num="85" count="0" type="stmt"/>
        <line num="86" count="0" type="stmt"/>
        <line num="87" count="0" type="stmt"/>
        <line num="88" count="0" type="stmt"/>
        <line num="89" count="0" type="stmt"/>
        <line num="90" count="0" type="stmt"/>
        <line num="91" count="0" type="stmt"/>
        <line num="92" count="0" type="stmt"/>
        <line num="93" count="0" type="stmt"/>
        <line num="95" count="0" type="stmt"/>
        <line num="96" count="0" type="stmt"/>
        <line num="97" count="0" type="stmt"/>
        <line num="98" count="0" type="stmt"/>
        <line num="100" count="0" type="stmt"/>
        <line num="101" count="0" type="stmt"/>
        <line num="102" count="0" type="stmt"/>
        <line num="103" count="0" type="stmt"/>
        <line num="106" count="0" type="stmt"/>
        <line num="109" count="0" type="stmt"/>
        <line num="110" count="0" type="stmt"/>
        <line num="111" count="0" type="stmt"/>
        <line num="112" count="0" type="stmt"/>
        <line num="116" count="0" type="stmt"/>
        <line num="117" count="0" type="stmt"/>
        <line num="118" count="0" type="stmt"/>
        <line num="119" count="0" type="stmt"/>
        <line num="121" count="0" type="stmt"/>
        <line num="122" count="0" type="stmt"/>
        <line num="123" count="0" type="stmt"/>
        <line num="124" count="0" type="stmt"/>
        <line num="126" count="0" type="stmt"/>
        <line num="128" count="0" type="stmt"/>
        <line num="129" count="0" type="stmt"/>
        <line num="130" count="0" type="stmt"/>
        <line num="131" count="0" type="stmt"/>
        <line num="132" count="0" type="stmt"/>
        <line num="133" count="0" type="stmt"/>
        <line num="134" count="0" type="stmt"/>
        <line num="135" count="0" type="stmt"/>
        <line num="136" count="0" type="stmt"/>
        <line num="139" count="0" type="stmt"/>
        <line num="140" count="0" type="stmt"/>
        <line num="141" count="0" type="stmt"/>
        <line num="142" count="0" type="stmt"/>
        <line num="143" count="0" type="stmt"/>
        <line num="144" count="0" type="stmt"/>
        <line num="145" count="0" type="stmt"/>
        <line num="146" count="0" type="stmt"/>
        <line num="147" count="0" type="stmt"/>
        <line num="148" count="0" type="stmt"/>
        <line num="149" count="0" type="stmt"/>
        <line num="150" count="0" type="stmt"/>
        <line num="152" count="0" type="stmt"/>
        <line num="153" count="0" type="stmt"/>
        <line num="155" count="0" type="stmt"/>
        <line num="156" count="0" type="stmt"/>
        <line num="157" count="0" type="stmt"/>
        <line num="158" count="0" type="stmt"/>
        <line num="159" count="0" type="stmt"/>
        <line num="160" count="0" type="stmt"/>
        <line num="161" count="0" type="stmt"/>
        <line num="162" count="0" type="stmt"/>
        <line num="163" count="0" type="stmt"/>
        <line num="164" count="0" type="stmt"/>
        <line num="166" count="0" type="stmt"/>
        <line num="167" count="0" type="stmt"/>
        <line num="169" count="0" type="stmt"/>
        <line num="170" count="0" type="stmt"/>
        <line num="173" count="0" type="stmt"/>
        <line num="174" count="0" type="stmt"/>
        <line num="175" count="0" type="stmt"/>
        <line num="177" count="0" type="stmt"/>
        <line num="179" count="0" type="stmt"/>
        <line num="180" count="0" type="stmt"/>
        <line num="181" count="0" type="stmt"/>
        <line num="183" count="0" type="stmt"/>
      </file>
      <file name="main.tsx" path="/Volumes/Workspace/nodejs/Liberty/saas-starter/convex-authz-tenants-packages/packages/tenants/example/src/main.tsx">
        <metrics statements="15" coveredstatements="0" conditionals="1" coveredconditionals="0" methods="1" coveredmethods="0"/>
        <line num="1" count="0" type="cond" truecount="0" falsecount="1"/>
        <line num="2" count="0" type="stmt"/>
        <line num="3" count="0" type="stmt"/>
        <line num="4" count="0" type="stmt"/>
        <line num="5" count="0" type="stmt"/>
        <line num="6" count="0" type="stmt"/>
        <line num="8" count="0" type="stmt"/>
        <line num="10" count="0" type="stmt"/>
        <line num="12" count="0" type="stmt"/>
        <line num="13" count="0" type="stmt"/>
        <line num="14" count="0" type="stmt"/>
        <line num="15" count="0" type="stmt"/>
        <line num="16" count="0" type="stmt"/>
        <line num="17" count="0" type="stmt"/>
        <line num="18" count="0" type="stmt"/>
      </file>
    </package>
    <package name="src">
      <metrics statements="9" coveredstatements="9" conditionals="3" coveredconditionals="3" methods="12" coveredmethods="3"/>
      <file name="test.ts" path="/Volumes/Workspace/nodejs/Liberty/saas-starter/convex-authz-tenants-packages/packages/tenants/src/test.ts">
        <metrics statements="9" coveredstatements="9" conditionals="3" coveredconditionals="3" methods="12" coveredmethods="3"/>
        <line num="4" count="1" type="stmt"/>
        <line num="5" count="1" type="cond" truecount="2" falsecount="0"/>
        <line num="31" count="1" type="cond" truecount="1" falsecount="0"/>
        <line num="32" count="101" type="stmt"/>
        <line num="33" count="101" type="stmt"/>
        <line num="34" count="101" type="stmt"/>
        <line num="35" count="101" type="stmt"/>
        <line num="36" count="101" type="stmt"/>
        <line num="37" count="1" type="stmt"/>
      </file>
    </package>
    <package name="src.client">
      <metrics statements="1158" coveredstatements="1149" conditionals="174" coveredconditionals="162" methods="77" coveredmethods="76"/>
      <file name="api.ts" path="/Volumes/Workspace/nodejs/Liberty/saas-starter/convex-authz-tenants-packages/packages/tenants/src/client/api.ts">
        <metrics statements="1068" coveredstatements="1059" conditionals="174" coveredconditionals="162" methods="77" coveredmethods="76"/>
        <line num="15" count="1" type="stmt"/>
        <line num="16" count="1" type="stmt"/>
        <line num="19" count="1" type="stmt"/>
        <line num="126" count="189" type="cond" truecount="1" falsecount="0"/>
        <line num="127" count="189" type="stmt"/>
        <line num="128" count="189" type="stmt"/>
        <line num="133" count="1" type="cond" truecount="1" falsecount="0"/>
        <line num="134" count="69" type="stmt"/>
        <line num="135" count="69" type="stmt"/>
        <line num="136" count="69" type="stmt"/>
        <line num="137" count="69" type="stmt"/>
        <line num="138" count="69" type="stmt"/>
        <line num="139" count="69" type="stmt"/>
        <line num="140" count="69" type="stmt"/>
        <line num="189" count="1" type="stmt"/>
        <line num="190" count="1" type="stmt"/>
        <line num="191" count="1" type="stmt"/>
        <line num="193" count="1" type="cond" truecount="1" falsecount="0"/>
        <line num="194" count="1" type="stmt"/>
        <line num="195" count="1" type="stmt"/>
        <line num="227" count="1" type="stmt"/>
        <line num="228" count="1" type="stmt"/>
        <line num="229" count="1" type="stmt"/>
        <line num="230" count="1" type="stmt"/>
        <line num="231" count="1" type="stmt"/>
        <line num="232" count="1" type="stmt"/>
        <line num="233" count="1" type="stmt"/>
        <line num="245" count="1" type="cond" truecount="1" falsecount="0"/>
        <line num="246" count="82" type="stmt"/>
        <line num="247" count="82" type="stmt"/>
        <line num="248" count="82" type="stmt"/>
        <line num="249" count="82" type="stmt"/>
        <line num="250" count="82" type="stmt"/>
        <line num="251" count="82" type="stmt"/>
        <line num="252" count="82" type="cond" truecount="0" falsecount="1"/>
        <line num="253" count="82" type="stmt"/>
        <line num="254" count="82" type="stmt"/>
        <line num="260" count="1" type="cond" truecount="1" falsecount="0"/>
        <line num="261" count="1" type="stmt"/>
        <line num="262" count="1" type="stmt"/>
        <line num="263" count="1" type="stmt"/>
        <line num="264" count="1" type="stmt"/>
        <line num="265" count="1" type="stmt"/>
        <line num="266" count="1" type="stmt"/>
        <line num="267" count="1" type="stmt"/>
        <line num="269" count="1" type="cond" truecount="1" falsecount="0"/>
        <line num="270" count="81" type="stmt"/>
        <line num="271" count="81" type="stmt"/>
        <line num="272" count="81" type="stmt"/>
        <line num="273" count="81" type="stmt"/>
        <line num="274" count="81" type="stmt"/>
        <line num="275" count="81" type="stmt"/>
        <line num="276" count="81" type="stmt"/>
        <line num="278" count="1" type="cond" truecount="1" falsecount="0"/>
        <line num="279" count="3" type="stmt"/>
        <line num="280" count="3" type="stmt"/>
        <line num="281" count="3" type="stmt"/>
        <line num="282" count="3" type="stmt"/>
        <line num="283" count="3" type="stmt"/>
        <line num="284" count="3" type="stmt"/>
        <line num="285" count="3" type="stmt"/>
        <line num="295" count="1" type="cond" truecount="1" falsecount="0"/>
        <line num="296" count="60" type="stmt"/>
        <line num="297" count="60" type="stmt"/>
        <line num="298" count="60" type="stmt"/>
        <line num="299" count="60" type="stmt"/>
        <line num="304" count="60" type="stmt"/>
        <line num="305" count="60" type="stmt"/>
        <line num="306" count="60" type="stmt"/>
        <line num="307" count="60" type="stmt"/>
        <line num="308" count="60" type="stmt"/>
        <line num="309" count="60" type="stmt"/>
        <line num="310" count="60" type="stmt"/>
        <line num="311" count="60" type="stmt"/>
        <line num="312" count="60" type="stmt"/>
        <line num="313" count="60" type="stmt"/>
        <line num="314" count="60" type="stmt"/>
        <line num="315" count="60" type="stmt"/>
        <line num="316" count="60" type="stmt"/>
        <line num="317" count="60" type="stmt"/>
        <line num="320" count="60" type="stmt"/>
        <line num="322" count="60" type="stmt"/>
        <line num="323" count="60" type="stmt"/>
        <line num="325" count="1" type="cond" truecount="1" falsecount="0"/>
        <line num="326" count="2" type="stmt"/>
        <line num="327" count="2" type="stmt"/>
        <line num="328" count="2" type="stmt"/>
        <line num="329" count="2" type="stmt"/>
        <line num="335" count="2" type="stmt"/>
        <line num="336" count="2" type="stmt"/>
        <line num="337" count="2" type="stmt"/>
        <line num="338" count="2" type="stmt"/>
        <line num="340" count="2" type="stmt"/>
        <line num="341" count="2" type="stmt"/>
        <line num="342" count="2" type="stmt"/>
        <line num="343" count="2" type="stmt"/>
        <line num="344" count="2" type="stmt"/>
        <line num="345" count="2" type="stmt"/>
        <line num="347" count="1" type="cond" truecount="1" falsecount="0"/>
        <line num="348" count="3" type="stmt"/>
        <line num="349" count="3" type="stmt"/>
        <line num="350" count="3" type="stmt"/>
        <line num="351" count="3" type="stmt"/>
        <line num="352" count="3" type="stmt"/>
        <line num="353" count="3" type="stmt"/>
        <line num="354" count="3" type="stmt"/>
        <line num="357" count="3" type="stmt"/>
        <line num="358" count="3" type="stmt"/>
        <line num="361" count="3" type="cond" truecount="1" falsecount="0"/>
        <line num="362" count="4" type="stmt"/>
        <line num="363" count="4" type="stmt"/>
        <line num="364" count="4" type="stmt"/>
        <line num="365" count="4" type="stmt"/>
        <line num="368" count="3" type="cond" truecount="1" falsecount="0"/>
        <line num="369" count="2" type="stmt"/>
        <line num="370" count="2" type="cond" truecount="1" falsecount="0"/>
        <line num="371" count="1" type="stmt"/>
        <line num="372" count="1" type="stmt"/>
        <line num="373" count="1" type="stmt"/>
        <line num="374" count="1" type="stmt"/>
        <line num="375" count="1" type="stmt"/>
        <line num="376" count="1" type="stmt"/>
        <line num="377" count="1" type="stmt"/>
        <line num="378" count="1" type="stmt"/>
        <line num="379" count="2" type="stmt"/>
        <line num="382" count="3" type="stmt"/>
        <line num="383" count="3" type="stmt"/>
        <line num="384" count="3" type="stmt"/>
        <line num="385" count="3" type="stmt"/>
        <line num="386" count="3" type="stmt"/>
        <line num="392" count="1" type="cond" truecount="1" falsecount="0"/>
        <line num="393" count="8" type="stmt"/>
        <line num="394" count="8" type="stmt"/>
        <line num="395" count="8" type="stmt"/>
        <line num="396" count="8" type="stmt"/>
        <line num="397" count="8" type="stmt"/>
        <line num="399" count="1" type="cond" truecount="1" falsecount="0"/>
        <line num="400" count="49" type="stmt"/>
        <line num="401" count="49" type="stmt"/>
        <line num="402" count="49" type="stmt"/>
        <line num="403" count="49" type="stmt"/>
        <line num="404" count="49" type="stmt"/>
        <line num="405" count="49" type="stmt"/>
        <line num="406" count="49" type="stmt"/>
        <line num="407" count="49" type="stmt"/>
        <line num="408" count="49" type="stmt"/>
        <line num="410" count="1" type="cond" truecount="1" falsecount="0"/>
        <line num="411" count="22" type="stmt"/>
        <line num="412" count="22" type="stmt"/>
        <line num="413" count="22" type="stmt"/>
        <line num="414" count="22" type="stmt"/>
        <line num="415" count="22" type="stmt"/>
        <line num="416" count="22" type="stmt"/>
        <line num="417" count="22" type="stmt"/>
        <line num="418" count="22" type="stmt"/>
        <line num="419" count="22" type="stmt"/>
        <line num="421" count="22" type="stmt"/>
        <line num="422" count="22" type="stmt"/>
        <line num="423" count="22" type="stmt"/>
        <line num="424" count="22" type="stmt"/>
        <line num="425" count="22" type="stmt"/>
        <line num="426" count="22" type="stmt"/>
        <line num="429" count="22" type="stmt"/>
        <line num="430" count="22" type="stmt"/>
        <line num="431" count="22" type="stmt"/>
        <line num="432" count="22" type="stmt"/>
        <line num="434" count="1" type="cond" truecount="1" falsecount="0"/>
        <line num="435" count="3" type="stmt"/>
        <line num="436" count="3" type="stmt"/>
        <line num="437" count="3" type="stmt"/>
        <line num="438" count="3" type="stmt"/>
        <line num="439" count="3" type="stmt"/>
        <line num="440" count="3" type="stmt"/>
        <line num="441" count="3" type="stmt"/>
        <line num="442" count="3" type="stmt"/>
        <line num="445" count="3" type="stmt"/>
        <line num="447" count="3" type="stmt"/>
        <line num="449" count="3" type="stmt"/>
        <line num="450" count="3" type="cond" truecount="1" falsecount="0"/>
        <line num="451" count="1" type="stmt"/>
        <line num="452" count="1" type="stmt"/>
        <line num="453" count="1" type="stmt"/>
        <line num="454" count="1" type="stmt"/>
        <line num="455" count="1" type="stmt"/>
        <line num="456" count="1" type="stmt"/>
        <line num="457" count="1" type="stmt"/>
        <line num="458" count="1" type="stmt"/>
        <line num="459" count="1" type="stmt"/>
        <line num="460" count="1" type="stmt"/>
        <line num="461" count="1" type="stmt"/>
        <line num="462" count="3" type="stmt"/>
        <line num="465" count="3" type="stmt"/>
        <line num="466" count="3" type="stmt"/>
        <line num="467" count="3" type="stmt"/>
        <line num="468" count="3" type="stmt"/>
        <line num="469" count="3" type="stmt"/>
        <line num="472" count="3" type="stmt"/>
        <line num="473" count="3" type="stmt"/>
        <line num="474" count="3" type="stmt"/>
        <line num="475" count="3" type="stmt"/>
        <line num="476" count="3" type="stmt"/>
        <line num="477" count="3" type="stmt"/>
        <line num="479" count="1" type="cond" truecount="1" falsecount="0"/>
        <line num="480" count="2" type="stmt"/>
        <line num="481" count="2" type="stmt"/>
        <line num="482" count="2" type="stmt"/>
        <line num="483" count="2" type="stmt"/>
        <line num="484" count="2" type="stmt"/>
        <line num="485" count="2" type="stmt"/>
        <line num="486" count="2" type="stmt"/>
        <line num="487" count="2" type="stmt"/>
        <line num="488" count="2" type="stmt"/>
        <line num="491" count="2" type="stmt"/>
        <line num="492" count="2" type="stmt"/>
        <line num="494" count="2" type="stmt"/>
        <line num="495" count="2" type="stmt"/>
        <line num="496" count="2" type="stmt"/>
        <line num="497" count="2" type="stmt"/>
        <line num="498" count="2" type="stmt"/>
        <line num="499" count="2" type="stmt"/>
        <line num="502" count="2" type="stmt"/>
        <line num="503" count="2" type="stmt"/>
        <line num="504" count="2" type="stmt"/>
        <line num="505" count="2" type="stmt"/>
        <line num="506" count="2" type="stmt"/>
        <line num="507" count="2" type="stmt"/>
        <line num="508" count="2" type="stmt"/>
        <line num="509" count="2" type="stmt"/>
        <line num="510" count="2" type="stmt"/>
        <line num="512" count="1" type="cond" truecount="1" falsecount="0"/>
        <line num="513" count="7" type="stmt"/>
        <line num="514" count="7" type="stmt"/>
        <line num="515" count="7" type="stmt"/>
        <line num="516" count="7" type="stmt"/>
        <line num="518" count="7" type="stmt"/>
        <line num="519" count="7" type="cond" truecount="1" falsecount="0"/>
        <line num="520" count="1" type="stmt"/>
        <line num="521" count="1" type="cond" truecount="1" falsecount="0"/>
        <line num="524" count="6" type="stmt"/>
        <line num="525" count="7" type="cond" truecount="1" falsecount="0"/>
        <line num="526" count="2" type="stmt"/>
        <line num="527" count="2" type="cond" truecount="1" falsecount="0"/>
        <line num="528" count="2" type="cond" truecount="1" falsecount="0"/>
        <line num="529" count="1" type="stmt"/>
        <line num="530" count="1" type="stmt"/>
        <line num="531" count="1" type="stmt"/>
        <line num="532" count="1" type="stmt"/>
        <line num="533" count="2" type="cond" truecount="1" falsecount="0"/>
        <line num="536" count="5" type="stmt"/>
        <line num="537" count="7" type="cond" truecount="1" falsecount="0"/>
        <line num="538" count="1" type="stmt"/>
        <line num="539" count="1" type="stmt"/>
        <line num="540" count="1" type="stmt"/>
        <line num="541" count="1" type="stmt"/>
        <line num="542" count="1" type="stmt"/>
        <line num="543" count="1" type="stmt"/>
        <line num="544" count="1" type="stmt"/>
        <line num="545" count="1" type="stmt"/>
        <line num="546" count="1" type="stmt"/>
        <line num="547" count="1" type="stmt"/>
        <line num="548" count="1" type="cond" truecount="1" falsecount="0"/>
        <line num="550" count="5" type="stmt"/>
        <line num="551" count="5" type="stmt"/>
        <line num="552" count="5" type="stmt"/>
        <line num="553" count="5" type="stmt"/>
        <line num="556" count="5" type="stmt"/>
        <line num="557" count="5" type="stmt"/>
        <line num="558" count="5" type="stmt"/>
        <line num="559" count="7" type="stmt"/>
        <line num="565" count="1" type="cond" truecount="1" falsecount="0"/>
        <line num="566" count="12" type="stmt"/>
        <line num="567" count="12" type="stmt"/>
        <line num="568" count="12" type="stmt"/>
        <line num="569" count="12" type="stmt"/>
        <line num="571" count="1" type="cond" truecount="1" falsecount="0"/>
        <line num="572" count="34" type="stmt"/>
        <line num="573" count="34" type="stmt"/>
        <line num="575" count="1" type="cond" truecount="1" falsecount="0"/>
        <line num="576" count="18" type="stmt"/>
        <line num="577" count="18" type="stmt"/>
        <line num="578" count="18" type="stmt"/>
        <line num="579" count="18" type="stmt"/>
        <line num="580" count="18" type="stmt"/>
        <line num="581" count="18" type="stmt"/>
        <line num="582" count="18" type="stmt"/>
        <line num="583" count="18" type="stmt"/>
        <line num="584" count="18" type="stmt"/>
        <line num="586" count="18" type="stmt"/>
        <line num="587" count="18" type="stmt"/>
        <line num="588" count="18" type="stmt"/>
        <line num="589" count="18" type="stmt"/>
        <line num="590" count="18" type="stmt"/>
        <line num="591" count="18" type="stmt"/>
        <line num="592" count="18" type="stmt"/>
        <line num="594" count="1" type="cond" truecount="1" falsecount="0"/>
        <line num="595" count="2" type="stmt"/>
        <line num="596" count="2" type="stmt"/>
        <line num="597" count="2" type="stmt"/>
        <line num="598" count="2" type="stmt"/>
        <line num="602" count="2" type="stmt"/>
        <line num="603" count="2" type="stmt"/>
        <line num="604" count="2" type="cond" truecount="1" falsecount="0"/>
        <line num="605" count="1" type="stmt"/>
        <line num="606" count="1" type="stmt"/>
        <line num="607" count="1" type="stmt"/>
        <line num="608" count="1" type="stmt"/>
        <line num="609" count="1" type="stmt"/>
        <line num="611" count="1" type="stmt"/>
        <line num="612" count="1" type="stmt"/>
        <line num="613" count="1" type="stmt"/>
        <line num="614" count="1" type="stmt"/>
        <line num="615" count="1" type="stmt"/>
        <line num="616" count="2" type="stmt"/>
        <line num="618" count="1" type="cond" truecount="1" falsecount="0"/>
        <line num="619" count="4" type="stmt"/>
        <line num="620" count="4" type="stmt"/>
        <line num="621" count="4" type="stmt"/>
        <line num="622" count="4" type="stmt"/>
        <line num="623" count="4" type="stmt"/>
        <line num="624" count="4" type="cond" truecount="1" falsecount="0"/>
        <line num="625" count="1" type="stmt"/>
        <line num="626" count="1" type="cond" truecount="1" falsecount="0"/>
        <line num="627" count="3" type="stmt"/>
        <line num="628" count="3" type="stmt"/>
        <line num="629" count="3" type="stmt"/>
        <line num="632" count="3" type="stmt"/>
        <line num="633" count="4" type="cond" truecount="1" falsecount="0"/>
        <line num="634" count="1" type="stmt"/>
        <line num="635" count="1" type="stmt"/>
        <line num="636" count="1" type="stmt"/>
        <line num="637" count="1" type="stmt"/>
        <line num="638" count="1" type="stmt"/>
        <line num="639" count="1" type="stmt"/>
        <line num="640" count="1" type="stmt"/>
        <line num="641" count="1" type="cond" truecount="1" falsecount="0"/>
        <line num="643" count="3" type="stmt"/>
        <line num="644" count="3" type="stmt"/>
        <line num="645" count="3" type="stmt"/>
        <line num="646" count="3" type="stmt"/>
        <line num="647" count="4" type="stmt"/>
        <line num="649" count="1" type="cond" truecount="1" falsecount="0"/>
        <line num="650" count="10" type="stmt"/>
        <line num="651" count="10" type="stmt"/>
        <line num="652" count="10" type="stmt"/>
        <line num="653" count="10" type="stmt"/>
        <line num="654" count="10" type="stmt"/>
        <line num="655" count="10" type="stmt"/>
        <line num="656" count="10" type="stmt"/>
        <line num="658" count="1" type="cond" truecount="1" falsecount="0"/>
        <line num="659" count="10" type="stmt"/>
        <line num="660" count="10" type="stmt"/>
        <line num="661" count="10" type="stmt"/>
        <line num="662" count="10" type="stmt"/>
        <line num="663" count="10" type="stmt"/>
        <line num="664" count="10" type="stmt"/>
        <line num="665" count="10" type="cond" truecount="1" falsecount="0"/>
        <line num="666" count="1" type="stmt"/>
        <line num="667" count="1" type="cond" truecount="1" falsecount="0"/>
        <line num="668" count="9" type="stmt"/>
        <line num="669" count="9" type="stmt"/>
        <line num="670" count="9" type="stmt"/>
        <line num="672" count="9" type="stmt"/>
        <line num="673" count="9" type="stmt"/>
        <line num="674" count="9" type="stmt"/>
        <line num="675" count="9" type="stmt"/>
        <line num="676" count="9" type="stmt"/>
        <line num="679" count="9" type="stmt"/>
        <line num="680" count="9" type="stmt"/>
        <line num="681" count="9" type="stmt"/>
        <line num="682" count="9" type="stmt"/>
        <line num="683" count="9" type="stmt"/>
        <line num="684" count="9" type="stmt"/>
        <line num="685" count="9" type="stmt"/>
        <line num="686" count="10" type="stmt"/>
        <line num="688" count="1" type="cond" truecount="1" falsecount="0"/>
        <line num="689" count="4" type="stmt"/>
        <line num="690" count="4" type="stmt"/>
        <line num="691" count="4" type="stmt"/>
        <line num="692" count="4" type="stmt"/>
        <line num="693" count="4" type="stmt"/>
        <line num="694" count="4" type="stmt"/>
        <line num="695" count="4" type="cond" truecount="1" falsecount="0"/>
        <line num="696" count="1" type="stmt"/>
        <line num="697" count="1" type="cond" truecount="1" falsecount="0"/>
        <line num="698" count="3" type="stmt"/>
        <line num="699" count="3" type="stmt"/>
        <line num="700" count="3" type="stmt"/>
        <line num="702" count="3" type="stmt"/>
        <line num="703" count="3" type="stmt"/>
        <line num="704" count="3" type="stmt"/>
        <line num="705" count="3" type="stmt"/>
        <line num="706" count="3" type="stmt"/>
        <line num="709" count="3" type="stmt"/>
        <line num="710" count="3" type="stmt"/>
        <line num="711" count="3" type="stmt"/>
        <line num="712" count="3" type="stmt"/>
        <line num="713" count="3" type="stmt"/>
        <line num="714" count="3" type="stmt"/>
        <line num="715" count="3" type="stmt"/>
        <line num="716" count="4" type="stmt"/>
        <line num="718" count="1" type="cond" truecount="1" falsecount="0"/>
        <line num="719" count="6" type="stmt"/>
        <line num="720" count="6" type="stmt"/>
        <line num="721" count="6" type="stmt"/>
        <line num="722" count="6" type="stmt"/>
        <line num="723" count="6" type="stmt"/>
        <line num="724" count="6" type="stmt"/>
        <line num="725" count="6" type="stmt"/>
        <line num="726" count="6" type="stmt"/>
        <line num="727" count="6" type="stmt"/>
        <line num="734" count="1" type="cond" truecount="1" falsecount="0"/>
        <line num="735" count="2" type="stmt"/>
        <line num="736" count="2" type="stmt"/>
        <line num="737" count="2" type="stmt"/>
        <line num="738" count="2" type="stmt"/>
        <line num="739" count="2" type="stmt"/>
        <line num="740" count="2" type="stmt"/>
        <line num="741" count="2" type="stmt"/>
        <line num="744" count="1" type="stmt"/>
        <line num="745" count="0" type="stmt"/>
        <line num="746" count="0" type="stmt"/>
        <line num="747" count="0" type="stmt"/>
        <line num="748" count="0" type="stmt"/>
        <line num="749" count="0" type="stmt"/>
        <line num="750" count="0" type="stmt"/>
        <line num="751" count="0" type="stmt"/>
        <line num="754" count="1" type="cond" truecount="1" falsecount="0"/>
        <line num="755" count="1" type="stmt"/>
        <line num="756" count="1" type="stmt"/>
        <line num="757" count="1" type="stmt"/>
        <line num="758" count="1" type="stmt"/>
        <line num="759" count="1" type="stmt"/>
        <line num="760" count="1" type="stmt"/>
        <line num="761" count="1" type="stmt"/>
        <line num="762" count="1" type="stmt"/>
        <line num="765" count="1" type="cond" truecount="1" falsecount="0"/>
        <line num="766" count="1" type="stmt"/>
        <line num="767" count="1" type="stmt"/>
        <line num="768" count="1" type="stmt"/>
        <line num="769" count="1" type="stmt"/>
        <line num="770" count="1" type="stmt"/>
        <line num="771" count="1" type="cond" truecount="0" falsecount="1"/>
        <line num="772" count="1" type="stmt"/>
        <line num="773" count="1" type="stmt"/>
        <line num="781" count="1" type="cond" truecount="1" falsecount="0"/>
        <line num="782" count="1" type="stmt"/>
        <line num="783" count="1" type="stmt"/>
        <line num="784" count="1" type="stmt"/>
        <line num="785" count="1" type="stmt"/>
        <line num="786" count="1" type="stmt"/>
        <line num="787" count="1" type="stmt"/>
        <line num="792" count="1" type="stmt"/>
        <line num="793" count="1" type="stmt"/>
        <line num="794" count="1" type="stmt"/>
        <line num="795" count="1" type="stmt"/>
        <line num="796" count="1" type="stmt"/>
        <line num="797" count="1" type="stmt"/>
        <line num="798" count="1" type="stmt"/>
        <line num="799" count="1" type="stmt"/>
        <line num="800" count="1" type="stmt"/>
        <line num="801" count="1" type="stmt"/>
        <line num="802" count="1" type="stmt"/>
        <line num="803" count="1" type="stmt"/>
        <line num="804" count="1" type="stmt"/>
        <line num="805" count="1" type="stmt"/>
        <line num="813" count="1" type="cond" truecount="1" falsecount="0"/>
        <line num="814" count="1" type="stmt"/>
        <line num="815" count="1" type="stmt"/>
        <line num="816" count="1" type="stmt"/>
        <line num="817" count="1" type="stmt"/>
        <line num="818" count="1" type="stmt"/>
        <line num="819" count="1" type="stmt"/>
        <line num="824" count="1" type="stmt"/>
        <line num="825" count="1" type="stmt"/>
        <line num="826" count="1" type="stmt"/>
        <line num="827" count="1" type="stmt"/>
        <line num="828" count="1" type="stmt"/>
        <line num="829" count="1" type="stmt"/>
        <line num="830" count="1" type="stmt"/>
        <line num="831" count="1" type="stmt"/>
        <line num="832" count="1" type="stmt"/>
        <line num="833" count="1" type="stmt"/>
        <line num="834" count="1" type="stmt"/>
        <line num="835" count="1" type="stmt"/>
        <line num="836" count="1" type="stmt"/>
        <line num="837" count="1" type="stmt"/>
        <line num="840" count="1" type="cond" truecount="1" falsecount="0"/>
        <line num="841" count="1" type="stmt"/>
        <line num="842" count="1" type="stmt"/>
        <line num="847" count="1" type="stmt"/>
        <line num="848" count="1" type="stmt"/>
        <line num="849" count="1" type="stmt"/>
        <line num="855" count="1" type="cond" truecount="1" falsecount="0"/>
        <line num="856" count="1" type="stmt"/>
        <line num="857" count="1" type="stmt"/>
        <line num="858" count="1" type="stmt"/>
        <line num="859" count="1" type="stmt"/>
        <line num="860" count="1" type="stmt"/>
        <line num="861" count="1" type="stmt"/>
        <line num="862" count="1" type="stmt"/>
        <line num="864" count="1" type="cond" truecount="1" falsecount="0"/>
        <line num="865" count="15" type="stmt"/>
        <line num="866" count="15" type="stmt"/>
        <line num="867" count="15" type="stmt"/>
        <line num="868" count="15" type="stmt"/>
        <line num="869" count="15" type="stmt"/>
        <line num="870" count="15" type="stmt"/>
        <line num="871" count="15" type="stmt"/>
        <line num="873" count="1" type="cond" truecount="1" falsecount="0"/>
        <line num="874" count="1" type="stmt"/>
        <line num="875" count="1" type="stmt"/>
        <line num="876" count="1" type="stmt"/>
        <line num="877" count="1" type="stmt"/>
        <line num="878" count="1" type="stmt"/>
        <line num="879" count="1" type="stmt"/>
        <line num="880" count="1" type="stmt"/>
        <line num="881" count="1" type="stmt"/>
        <line num="883" count="1" type="cond" truecount="1" falsecount="0"/>
        <line num="884" count="12" type="stmt"/>
        <line num="885" count="12" type="stmt"/>
        <line num="886" count="12" type="stmt"/>
        <line num="887" count="12" type="stmt"/>
        <line num="888" count="12" type="stmt"/>
        <line num="889" count="12" type="stmt"/>
        <line num="893" count="12" type="stmt"/>
        <line num="894" count="12" type="stmt"/>
        <line num="895" count="12" type="stmt"/>
        <line num="896" count="12" type="stmt"/>
        <line num="898" count="12" type="stmt"/>
        <line num="899" count="12" type="stmt"/>
        <line num="900" count="12" type="stmt"/>
        <line num="901" count="12" type="stmt"/>
        <line num="903" count="12" type="stmt"/>
        <line num="904" count="12" type="stmt"/>
        <line num="905" count="12" type="stmt"/>
        <line num="906" count="12" type="stmt"/>
        <line num="907" count="12" type="stmt"/>
        <line num="908" count="12" type="stmt"/>
        <line num="909" count="12" type="stmt"/>
        <line num="910" count="12" type="stmt"/>
        <line num="911" count="12" type="stmt"/>
        <line num="913" count="1" type="cond" truecount="1" falsecount="0"/>
        <line num="914" count="3" type="stmt"/>
        <line num="915" count="3" type="stmt"/>
        <line num="916" count="3" type="stmt"/>
        <line num="917" count="3" type="stmt"/>
        <line num="919" count="3" type="stmt"/>
        <line num="921" count="3" type="stmt"/>
        <line num="922" count="3" type="stmt"/>
        <line num="923" count="3" type="stmt"/>
        <line num="924" count="3" type="stmt"/>
        <line num="927" count="3" type="stmt"/>
        <line num="928" count="3" type="stmt"/>
        <line num="929" count="3" type="stmt"/>
        <line num="930" count="3" type="stmt"/>
        <line num="931" count="3" type="stmt"/>
        <line num="932" count="3" type="stmt"/>
        <line num="933" count="3" type="stmt"/>
        <line num="934" count="3" type="stmt"/>
        <line num="935" count="3" type="stmt"/>
        <line num="938" count="3" type="cond" truecount="1" falsecount="0"/>
        <line num="939" count="1" type="stmt"/>
        <line num="940" count="1" type="stmt"/>
        <line num="941" count="1" type="stmt"/>
        <line num="942" count="1" type="stmt"/>
        <line num="943" count="1" type="stmt"/>
        <line num="944" count="1" type="stmt"/>
        <line num="945" count="1" type="stmt"/>
        <line num="946" count="1" type="stmt"/>
        <line num="947" count="3" type="stmt"/>
        <line num="948" count="3" type="stmt"/>
        <line num="950" count="1" type="cond" truecount="1" falsecount="0"/>
        <line num="951" count="2" type="stmt"/>
        <line num="952" count="2" type="stmt"/>
        <line num="953" count="2" type="stmt"/>
        <line num="954" count="2" type="stmt"/>
        <line num="956" count="2" type="stmt"/>
        <line num="957" count="2" type="cond" truecount="1" falsecount="0"/>
        <line num="958" count="1" type="stmt"/>
        <line num="959" count="1" type="stmt"/>
        <line num="960" count="1" type="stmt"/>
        <line num="961" count="1" type="stmt"/>
        <line num="962" count="1" type="stmt"/>
        <line num="964" count="1" type="stmt"/>
        <line num="965" count="1" type="stmt"/>
        <line num="966" count="1" type="stmt"/>
        <line num="967" count="1" type="stmt"/>
        <line num="968" count="2" type="stmt"/>
        <line num="970" count="1" type="cond" truecount="1" falsecount="0"/>
        <line num="971" count="2" type="stmt"/>
        <line num="972" count="2" type="stmt"/>
        <line num="973" count="2" type="stmt"/>
        <line num="974" count="2" type="stmt"/>
        <line num="976" count="2" type="stmt"/>
        <line num="977" count="2" type="cond" truecount="1" falsecount="0"/>
        <line num="978" count="1" type="stmt"/>
        <line num="979" count="1" type="stmt"/>
        <line num="980" count="1" type="stmt"/>
        <line num="981" count="1" type="stmt"/>
        <line num="982" count="1" type="stmt"/>
        <line num="984" count="1" type="stmt"/>
        <line num="985" count="1" type="stmt"/>
        <line num="986" count="1" type="stmt"/>
        <line num="987" count="1" type="stmt"/>
        <line num="988" count="2" type="stmt"/>
        <line num="989" count="1" type="stmt"/>
        <line num="1045" count="1" type="cond" truecount="1" falsecount="0"/>
        <line num="1046" count="1" type="stmt"/>
        <line num="1047" count="1" type="stmt"/>
        <line num="1160" count="1" type="stmt"/>
        <line num="1161" count="1" type="stmt"/>
        <line num="1162" count="1" type="stmt"/>
        <line num="1163" count="1" type="stmt"/>
        <line num="1164" count="1" type="stmt"/>
        <line num="1165" count="1" type="stmt"/>
        <line num="1166" count="1" type="stmt"/>
        <line num="1168" count="1" type="cond" truecount="1" falsecount="0"/>
        <line num="1169" count="234" type="stmt"/>
        <line num="1170" count="234" type="cond" truecount="1" falsecount="0"/>
        <line num="1171" count="31" type="stmt"/>
        <line num="1172" count="31" type="cond" truecount="1" falsecount="0"/>
        <line num="1173" count="203" type="stmt"/>
        <line num="1174" count="234" type="stmt"/>
        <line num="1177" count="1" type="cond" truecount="1" falsecount="0"/>
        <line num="1178" count="29" type="stmt"/>
        <line num="1179" count="29" type="stmt"/>
        <line num="1180" count="29" type="stmt"/>
        <line num="1181" count="29" type="stmt"/>
        <line num="1182" count="29" type="stmt"/>
        <line num="1183" count="29" type="cond" truecount="1" falsecount="0"/>
        <line num="1184" count="8" type="stmt"/>
        <line num="1185" count="8" type="cond" truecount="1" falsecount="0"/>
        <line num="1186" count="21" type="stmt"/>
        <line num="1187" count="29" type="stmt"/>
        <line num="1189" count="1" type="stmt"/>
        <line num="1193" count="1" type="stmt"/>
        <line num="1194" count="1" type="stmt"/>
        <line num="1195" count="1" type="cond" truecount="1" falsecount="0"/>
        <line num="1196" count="2" type="cond" truecount="1" falsecount="0"/>
        <line num="1197" count="1" type="stmt"/>
        <line num="1198" count="2" type="stmt"/>
        <line num="1199" count="1" type="stmt"/>
        <line num="1201" count="1" type="stmt"/>
        <line num="1202" count="1" type="stmt"/>
        <line num="1203" count="1" type="cond" truecount="1" falsecount="0"/>
        <line num="1204" count="7" type="cond" truecount="1" falsecount="0"/>
        <line num="1205" count="6" type="cond" truecount="1" falsecount="0"/>
        <line num="1206" count="2" type="stmt"/>
        <line num="1207" count="7" type="stmt"/>
        <line num="1208" count="1" type="stmt"/>
        <line num="1210" count="1" type="stmt"/>
        <line num="1211" count="1" type="stmt"/>
        <line num="1212" count="1" type="cond" truecount="1" falsecount="0"/>
        <line num="1213" count="4" type="cond" truecount="1" falsecount="0"/>
        <line num="1214" count="3" type="stmt"/>
        <line num="1215" count="4" type="cond" truecount="1" falsecount="0"/>
        <line num="1216" count="2" type="stmt"/>
        <line num="1217" count="2" type="cond" truecount="1" falsecount="0"/>
        <line num="1218" count="3" type="stmt"/>
        <line num="1219" count="4" type="stmt"/>
        <line num="1220" count="1" type="stmt"/>
        <line num="1225" count="1" type="stmt"/>
        <line num="1226" count="1" type="stmt"/>
        <line num="1227" count="1" type="stmt"/>
        <line num="1228" count="1" type="stmt"/>
        <line num="1229" count="1" type="stmt"/>
        <line num="1230" count="1" type="stmt"/>
        <line num="1231" count="1" type="stmt"/>
        <line num="1232" count="1" type="cond" truecount="1" falsecount="0"/>
        <line num="1233" count="61" type="cond" truecount="1" falsecount="0"/>
        <line num="1234" count="60" type="stmt"/>
        <line num="1235" count="60" type="stmt"/>
        <line num="1236" count="60" type="stmt"/>
        <line num="1237" count="60" type="stmt"/>
        <line num="1239" count="60" type="stmt"/>
        <line num="1240" count="60" type="stmt"/>
        <line num="1241" count="60" type="stmt"/>
        <line num="1242" count="60" type="stmt"/>
        <line num="1243" count="60" type="cond" truecount="0" falsecount="1"/>
        <line num="1244" count="60" type="cond" truecount="0" falsecount="2"/>
        <line num="1245" count="60" type="stmt"/>
        <line num="1246" count="60" type="stmt"/>
        <line num="1247" count="60" type="stmt"/>
        <line num="1249" count="60" type="stmt"/>
        <line num="1250" count="61" type="stmt"/>
        <line num="1251" count="1" type="stmt"/>
        <line num="1253" count="1" type="stmt"/>
        <line num="1254" count="1" type="stmt"/>
        <line num="1255" count="1" type="stmt"/>
        <line num="1256" count="1" type="stmt"/>
        <line num="1257" count="1" type="stmt"/>
        <line num="1258" count="1" type="stmt"/>
        <line num="1259" count="1" type="stmt"/>
        <line num="1260" count="1" type="stmt"/>
        <line num="1261" count="1" type="cond" truecount="1" falsecount="0"/>
        <line num="1262" count="3" type="cond" truecount="1" falsecount="0"/>
        <line num="1263" count="2" type="stmt"/>
        <line num="1264" count="2" type="stmt"/>
        <line num="1265" count="2" type="stmt"/>
        <line num="1266" count="3" type="stmt"/>
        <line num="1267" count="1" type="stmt"/>
        <line num="1269" count="1" type="stmt"/>
        <line num="1270" count="1" type="stmt"/>
        <line num="1271" count="1" type="cond" truecount="1" falsecount="0"/>
        <line num="1272" count="4" type="cond" truecount="1" falsecount="0"/>
        <line num="1274" count="3" type="stmt"/>
        <line num="1275" count="3" type="stmt"/>
        <line num="1276" count="3" type="stmt"/>
        <line num="1277" count="3" type="cond" truecount="0" falsecount="1"/>
        <line num="1278" count="3" type="stmt"/>
        <line num="1280" count="3" type="stmt"/>
        <line num="1282" count="3" type="stmt"/>
        <line num="1283" count="3" type="stmt"/>
        <line num="1284" count="3" type="stmt"/>
        <line num="1285" count="3" type="stmt"/>
        <line num="1286" count="3" type="stmt"/>
        <line num="1287" count="4" type="stmt"/>
        <line num="1288" count="1" type="stmt"/>
        <line num="1293" count="1" type="stmt"/>
        <line num="1294" count="1" type="stmt"/>
        <line num="1295" count="1" type="cond" truecount="1" falsecount="0"/>
        <line num="1296" count="5" type="cond" truecount="1" falsecount="0"/>
        <line num="1297" count="4" type="cond" truecount="1" falsecount="0"/>
        <line num="1299" count="3" type="stmt"/>
        <line num="1300" count="3" type="stmt"/>
        <line num="1301" count="3" type="stmt"/>
        <line num="1302" count="3" type="cond" truecount="1" falsecount="0"/>
        <line num="1303" count="4" type="stmt"/>
        <line num="1304" count="3" type="stmt"/>
        <line num="1305" count="3" type="stmt"/>
        <line num="1306" count="3" type="cond" truecount="0" falsecount="1"/>
        <line num="1307" count="0" type="stmt"/>
        <line num="1308" count="5" type="stmt"/>
        <line num="1309" count="1" type="stmt"/>
        <line num="1311" count="1" type="stmt"/>
        <line num="1312" count="1" type="stmt"/>
        <line num="1313" count="1" type="cond" truecount="1" falsecount="0"/>
        <line num="1314" count="6" type="cond" truecount="1" falsecount="0"/>
        <line num="1315" count="5" type="stmt"/>
        <line num="1317" count="5" type="stmt"/>
        <line num="1318" count="6" type="cond" truecount="2" falsecount="0"/>
        <line num="1319" count="4" type="stmt"/>
        <line num="1320" count="4" type="cond" truecount="1" falsecount="0"/>
        <line num="1321" count="1" type="stmt"/>
        <line num="1322" count="6" type="stmt"/>
        <line num="1323" count="1" type="stmt"/>
        <line num="1325" count="1" type="stmt"/>
        <line num="1326" count="1" type="stmt"/>
        <line num="1327" count="1" type="cond" truecount="1" falsecount="0"/>
        <line num="1328" count="2" type="cond" truecount="1" falsecount="0"/>
        <line num="1329" count="1" type="stmt"/>
        <line num="1330" count="2" type="stmt"/>
        <line num="1331" count="1" type="stmt"/>
        <line num="1336" count="1" type="stmt"/>
        <line num="1337" count="1" type="stmt"/>
        <line num="1338" count="1" type="cond" truecount="1" falsecount="0"/>
        <line num="1339" count="22" type="stmt"/>
        <line num="1340" count="22" type="stmt"/>
        <line num="1341" count="22" type="stmt"/>
        <line num="1342" count="22" type="stmt"/>
        <line num="1343" count="22" type="stmt"/>
        <line num="1344" count="22" type="stmt"/>
        <line num="1345" count="22" type="stmt"/>
        <line num="1346" count="22" type="stmt"/>
        <line num="1347" count="1" type="stmt"/>
        <line num="1349" count="1" type="stmt"/>
        <line num="1350" count="1" type="stmt"/>
        <line num="1351" count="1" type="cond" truecount="1" falsecount="0"/>
        <line num="1352" count="4" type="cond" truecount="1" falsecount="0"/>
        <line num="1353" count="3" type="stmt"/>
        <line num="1354" count="3" type="stmt"/>
        <line num="1355" count="3" type="stmt"/>
        <line num="1356" count="3" type="stmt"/>
        <line num="1357" count="3" type="stmt"/>
        <line num="1358" count="3" type="stmt"/>
        <line num="1359" count="4" type="stmt"/>
        <line num="1360" count="1" type="stmt"/>
        <line num="1362" count="1" type="stmt"/>
        <line num="1363" count="1" type="stmt"/>
        <line num="1364" count="1" type="cond" truecount="1" falsecount="0"/>
        <line num="1365" count="3" type="cond" truecount="1" falsecount="0"/>
        <line num="1366" count="2" type="stmt"/>
        <line num="1367" count="2" type="stmt"/>
        <line num="1368" count="2" type="stmt"/>
        <line num="1369" count="2" type="cond" truecount="0" falsecount="1"/>
        <line num="1370" count="2" type="stmt"/>
        <line num="1371" count="2" type="stmt"/>
        <line num="1372" count="3" type="cond" truecount="1" falsecount="0"/>
        <line num="1373" count="2" type="stmt"/>
        <line num="1374" count="2" type="stmt"/>
        <line num="1375" count="2" type="stmt"/>
        <line num="1376" count="2" type="stmt"/>
        <line num="1377" count="2" type="stmt"/>
        <line num="1378" count="3" type="stmt"/>
        <line num="1379" count="1" type="stmt"/>
        <line num="1381" count="1" type="stmt"/>
        <line num="1382" count="1" type="stmt"/>
        <line num="1383" count="1" type="cond" truecount="1" falsecount="0"/>
        <line num="1384" count="8" type="cond" truecount="1" falsecount="0"/>
        <line num="1385" count="7" type="cond" truecount="1" falsecount="0"/>
        <line num="1386" count="5" type="stmt"/>
        <line num="1387" count="5" type="stmt"/>
        <line num="1388" count="5" type="stmt"/>
        <line num="1389" count="8" type="stmt"/>
        <line num="1390" count="1" type="stmt"/>
        <line num="1395" count="1" type="stmt"/>
        <line num="1396" count="1" type="stmt"/>
        <line num="1397" count="1" type="cond" truecount="1" falsecount="0"/>
        <line num="1398" count="4" type="cond" truecount="1" falsecount="0"/>
        <line num="1399" count="3" type="cond" truecount="1" falsecount="0"/>
        <line num="1400" count="1" type="stmt"/>
        <line num="1401" count="4" type="stmt"/>
        <line num="1402" count="1" type="stmt"/>
        <line num="1404" count="1" type="stmt"/>
        <line num="1405" count="1" type="stmt"/>
        <line num="1406" count="1" type="cond" truecount="1" falsecount="0"/>
        <line num="1407" count="6" type="cond" truecount="1" falsecount="0"/>
        <line num="1408" count="5" type="stmt"/>
        <line num="1409" count="6" type="cond" truecount="1" falsecount="0"/>
        <line num="1410" count="2" type="stmt"/>
        <line num="1411" count="2" type="cond" truecount="1" falsecount="0"/>
        <line num="1412" count="5" type="stmt"/>
        <line num="1413" count="6" type="stmt"/>
        <line num="1414" count="1" type="stmt"/>
        <line num="1416" count="1" type="stmt"/>
        <line num="1417" count="1" type="stmt"/>
        <line num="1418" count="1" type="cond" truecount="1" falsecount="0"/>
        <line num="1419" count="6" type="cond" truecount="1" falsecount="0"/>
        <line num="1420" count="5" type="stmt"/>
        <line num="1421" count="5" type="stmt"/>
        <line num="1422" count="5" type="stmt"/>
        <line num="1423" count="5" type="stmt"/>
        <line num="1425" count="5" type="stmt"/>
        <line num="1426" count="5" type="stmt"/>
        <line num="1427" count="5" type="stmt"/>
        <line num="1428" count="5" type="cond" truecount="1" falsecount="0"/>
        <line num="1429" count="2" type="stmt"/>
        <line num="1430" count="5" type="stmt"/>
        <line num="1431" count="5" type="stmt"/>
        <line num="1432" count="5" type="cond" truecount="0" falsecount="1"/>
        <line num="1433" count="0" type="stmt"/>
        <line num="1434" count="6" type="stmt"/>
        <line num="1435" count="1" type="stmt"/>
        <line num="1437" count="1" type="stmt"/>
        <line num="1438" count="1" type="stmt"/>
        <line num="1439" count="1" type="cond" truecount="1" falsecount="0"/>
        <line num="1440" count="5" type="cond" truecount="1" falsecount="0"/>
        <line num="1441" count="4" type="stmt"/>
        <line num="1442" count="5" type="stmt"/>
        <line num="1443" count="1" type="stmt"/>
        <line num="1448" count="1" type="stmt"/>
        <line num="1449" count="1" type="stmt"/>
        <line num="1450" count="1" type="cond" truecount="1" falsecount="0"/>
        <line num="1451" count="18" type="stmt"/>
        <line num="1452" count="18" type="stmt"/>
        <line num="1453" count="18" type="stmt"/>
        <line num="1454" count="18" type="stmt"/>
        <line num="1455" count="18" type="stmt"/>
        <line num="1456" count="18" type="stmt"/>
        <line num="1457" count="18" type="stmt"/>
        <line num="1458" count="18" type="stmt"/>
        <line num="1459" count="18" type="stmt"/>
        <line num="1460" count="1" type="stmt"/>
[...]
        <line num="5" count="0" type="stmt"/>
        <line num="6" count="0" type="stmt"/>
        <line num="7" count="0" type="stmt"/>
        <line num="8" count="0" type="stmt"/>
        <line num="9" count="0" type="stmt"/>
        <line num="10" count="0" type="stmt"/>
        <line num="11" count="0" type="stmt"/>
        <line num="12" count="0" type="stmt"/>
        <line num="13" count="0" type="stmt"/>
        <line num="14" count="0" type="stmt"/>
        <line num="15" count="0" type="stmt"/>
        <line num="16" count="0" type="stmt"/>
        <line num="17" count="0" type="stmt"/>
        <line num="19" count="0" type="stmt"/>
      </file>
      <file name="label.tsx" path="/Volumes/Workspace/nodejs/Liberty/saas-starter/convex-authz-tenants-packages/packages/tenants/src/react/ui/label.tsx">
        <metrics statements="17" coveredstatements="0" conditionals="1" coveredconditionals="1" methods="1" coveredmethods="1"/>
        <line num="3" count="0" type="stmt"/>
        <line num="4" count="0" type="stmt"/>
        <line num="6" count="0" type="stmt"/>
        <line num="8" count="0" type="stmt"/>
        <line num="9" count="0" type="stmt"/>
        <line num="10" count="0" type="stmt"/>
        <line num="11" count="0" type="stmt"/>
        <line num="12" count="0" type="stmt"/>
        <line num="13" count="0" type="stmt"/>
        <line num="14" count="0" type="stmt"/>
        <line num="15" count="0" type="stmt"/>
        <line num="16" count="0" type="stmt"/>
        <line num="17" count="0" type="stmt"/>
        <line num="18" count="0" type="stmt"/>
        <line num="19" count="0" type="stmt"/>
        <line num="20" count="0" type="stmt"/>
        <line num="22" count="0" type="stmt"/>
      </file>
      <file name="popover.tsx" path="/Volumes/Workspace/nodejs/Liberty/saas-starter/convex-authz-tenants-packages/packages/tenants/src/react/ui/popover.tsx">
        <metrics statements="65" coveredstatements="0" conditionals="1" coveredconditionals="0" methods="1" coveredmethods="0"/>
        <line num="1" count="0" type="cond" truecount="0" falsecount="1"/>
        <line num="2" count="0" type="stmt"/>
        <line num="4" count="0" type="stmt"/>
        <line num="6" count="0" type="stmt"/>
        <line num="7" count="0" type="stmt"/>
        <line num="8" count="0" type="stmt"/>
        <line num="9" count="0" type="stmt"/>
        <line num="10" count="0" type="stmt"/>
        <line num="12" count="0" type="stmt"/>
        <line num="13" count="0" type="stmt"/>
        <line num="14" count="0" type="stmt"/>
        <line num="15" count="0" type="stmt"/>
        <line num="16" count="0" type="stmt"/>
        <line num="18" count="0" type="stmt"/>
        <line num="19" count="0" type="stmt"/>
        <line num="20" count="0" type="stmt"/>
        <line num="21" count="0" type="stmt"/>
        <line num="22" count="0" type="stmt"/>
        <line num="23" count="0" type="stmt"/>
        <line num="24" count="0" type="stmt"/>
        <line num="25" count="0" type="stmt"/>
        <line num="26" count="0" type="stmt"/>
        <line num="27" count="0" type="stmt"/>
        <line num="28" count="0" type="stmt"/>
        <line num="29" count="0" type="stmt"/>
        <line num="30" count="0" type="stmt"/>
        <line num="31" count="0" type="stmt"/>
        <line num="32" count="0" type="stmt"/>
        <line num="33" count="0" type="stmt"/>
        <line num="34" count="0" type="stmt"/>
        <line num="35" count="0" type="stmt"/>
        <line num="36" count="0" type="stmt"/>
        <line num="38" count="0" type="stmt"/>
        <line num="40" count="0" type="stmt"/>
        <line num="41" count="0" type="stmt"/>
        <line num="42" count="0" type="stmt"/>
        <line num="43" count="0" type="stmt"/>
        <line num="44" count="0" type="stmt"/>
        <line num="46" count="0" type="stmt"/>
        <line num="47" count="0" type="stmt"/>
        <line num="48" count="0" type="stmt"/>
        <line num="49" count="0" type="stmt"/>
        <line num="50" count="0" type="stmt"/>
        <line num="51" count="0" type="stmt"/>
        <line num="52" count="0" type="stmt"/>
        <line num="54" count="0" type="stmt"/>
        <line num="56" count="0" type="stmt"/>
        <line num="57" count="0" type="stmt"/>
        <line num="58" count="0" type="stmt"/>
        <line num="59" count="0" type="stmt"/>
        <line num="60" count="0" type="stmt"/>
        <line num="61" count="0" type="stmt"/>
        <line num="62" count="0" type="stmt"/>
        <line num="64" count="0" type="stmt"/>
        <line num="66" count="0" type="stmt"/>
        <line num="67" count="0" type="stmt"/>
        <line num="68" count="0" type="stmt"/>
        <line num="69" count="0" type="stmt"/>
        <line num="70" count="0" type="stmt"/>
        <line num="71" count="0" type="stmt"/>
        <line num="72" count="0" type="stmt"/>
        <line num="73" count="0" type="stmt"/>
        <line num="74" count="0" type="stmt"/>
        <line num="75" count="0" type="stmt"/>
        <line num="77" count="0" type="stmt"/>
      </file>
      <file name="select.tsx" path="/Volumes/Workspace/nodejs/Liberty/saas-starter/convex-authz-tenants-packages/packages/tenants/src/react/ui/select.tsx">
        <metrics statements="149" coveredstatements="0" conditionals="1" coveredconditionals="0" methods="1" coveredmethods="0"/>
        <line num="1" count="0" type="cond" truecount="0" falsecount="1"/>
        <line num="2" count="0" type="stmt"/>
        <line num="3" count="0" type="stmt"/>
        <line num="5" count="0" type="stmt"/>
        <line num="7" count="0" type="stmt"/>
        <line num="8" count="0" type="stmt"/>
        <line num="9" count="0" type="stmt"/>
        <line num="10" count="0" type="stmt"/>
        <line num="11" count="0" type="stmt"/>
        <line num="13" count="0" type="stmt"/>
        <line num="14" count="0" type="stmt"/>
        <line num="15" count="0" type="stmt"/>
        <line num="16" count="0" type="stmt"/>
        <line num="17" count="0" type="stmt"/>
        <line num="19" count="0" type="stmt"/>
        <line num="20" count="0" type="stmt"/>
        <line num="21" count="0" type="stmt"/>
        <line num="22" count="0" type="stmt"/>
        <line num="23" count="0" type="stmt"/>
        <line num="25" count="0" type="stmt"/>
        <line num="26" count="0" type="stmt"/>
        <line num="27" count="0" type="stmt"/>
        <line num="28" count="0" type="stmt"/>
        <line num="29" count="0" type="stmt"/>
        <line num="30" count="0" type="stmt"/>
        <line num="32" count="0" type="stmt"/>
        <line num="33" count="0" type="stmt"/>
        <line num="34" count="0" type="stmt"/>
        <line num="35" count="0" type="stmt"/>
        <line num="36" count="0" type="stmt"/>
        <line num="37" count="0" type="stmt"/>
        <line num="38" count="0" type="stmt"/>
        <line num="39" count="0" type="stmt"/>
        <line num="40" count="0" type="stmt"/>
        <line num="41" count="0" type="stmt"/>
        <line num="43" count="0" type="stmt"/>
        <line num="44" count="0" type="stmt"/>
        <line num="45" count="0" type="stmt"/>
        <line num="46" count="0" type="stmt"/>
        <line num="47" count="0" type="stmt"/>
        <line num="49" count="0" type="stmt"/>
        <line num="51" count="0" type="stmt"/>
        <line num="52" count="0" type="stmt"/>
        <line num="53" count="0" type="stmt"/>
        <line num="54" count="0" type="stmt"/>
        <line num="55" count="0" type="stmt"/>
        <line num="56" count="0" type="stmt"/>
        <line num="57" count="0" type="stmt"/>
        <line num="58" count="0" type="stmt"/>
        <line num="59" count="0" type="stmt"/>
        <line num="60" count="0" type="stmt"/>
        <line num="61" count="0" type="stmt"/>
        <line num="62" count="0" type="stmt"/>
        <line num="63" count="0" type="stmt"/>
        <line num="64" count="0" type="stmt"/>
        <line num="65" count="0" type="stmt"/>
        <line num="66" count="0" type="stmt"/>
        <line num="67" count="0" type="stmt"/>
        <line num="68" count="0" type="stmt"/>
        <line num="69" count="0" type="stmt"/>
        <line num="70" count="0" type="stmt"/>
        <line num="72" count="0" type="stmt"/>
        <line num="73" count="0" type="stmt"/>
        <line num="74" count="0" type="stmt"/>
        <line num="75" count="0" type="stmt"/>
        <line num="76" count="0" type="stmt"/>
        <line num="77" count="0" type="stmt"/>
        <line num="78" count="0" type="stmt"/>
        <line num="80" count="0" type="stmt"/>
        <line num="81" count="0" type="stmt"/>
        <line num="82" count="0" type="stmt"/>
        <line num="83" count="0" type="stmt"/>
        <line num="84" count="0" type="stmt"/>
        <line num="86" count="0" type="stmt"/>
        <line num="88" count="0" type="stmt"/>
        <line num="89" count="0" type="stmt"/>
        <line num="90" count="0" type="stmt"/>
        <line num="91" count="0" type="stmt"/>
        <line num="92" count="0" type="stmt"/>
        <line num="93" count="0" type="stmt"/>
        <line num="94" count="0" type="stmt"/>
        <line num="95" count="0" type="stmt"/>
        <line num="96" count="0" type="stmt"/>
        <line num="97" count="0" type="stmt"/>
        <line num="99" count="0" type="stmt"/>
        <line num="101" count="0" type="stmt"/>
        <line num="102" count="0" type="stmt"/>
        <line num="103" count="0" type="stmt"/>
        <line num="104" count="0" type="stmt"/>
        <line num="105" count="0" type="stmt"/>
        <line num="106" count="0" type="stmt"/>
        <line num="107" count="0" type="stmt"/>
        <line num="108" count="0" type="stmt"/>
        <line num="109" count="0" type="stmt"/>
        <line num="110" count="0" type="stmt"/>
        <line num="111" count="0" type="stmt"/>
        <line num="112" count="0" type="stmt"/>
        <line num="113" count="0" type="stmt"/>
        <line num="115" count="0" type="stmt"/>
        <line num="116" count="0" type="stmt"/>
        <line num="117" count="0" type="stmt"/>
        <line num="119" count="0" type="stmt"/>
        <line num="120" count="0" type="stmt"/>
        <line num="121" count="0" type="stmt"/>
        <line num="122" count="0" type="stmt"/>
        <line num="123" count="0" type="stmt"/>
        <line num="124" count="0" type="stmt"/>
        <line num="126" count="0" type="stmt"/>
        <line num="128" count="0" type="stmt"/>
        <line num="129" count="0" type="stmt"/>
        <line num="130" count="0" type="stmt"/>
        <line num="131" count="0" type="stmt"/>
        <line num="132" count="0" type="stmt"/>
        <line num="133" count="0" type="stmt"/>
        <line num="134" count="0" type="stmt"/>
        <line num="135" count="0" type="stmt"/>
        <line num="136" count="0" type="stmt"/>
        <line num="137" count="0" type="stmt"/>
        <line num="139" count="0" type="stmt"/>
        <line num="141" count="0" type="stmt"/>
        <line num="142" count="0" type="stmt"/>
        <line num="143" count="0" type="stmt"/>
        <line num="144" count="0" type="stmt"/>
        <line num="145" count="0" type="stmt"/>
        <line num="146" count="0" type="stmt"/>
        <line num="147" count="0" type="stmt"/>
        <line num="148" count="0" type="stmt"/>
        <line num="149" count="0" type="stmt"/>
        <line num="150" count="0" type="stmt"/>
        <line num="151" count="0" type="stmt"/>
        <line num="152" count="0" type="stmt"/>
        <line num="154" count="0" type="stmt"/>
        <line num="155" count="0" type="stmt"/>
        <line num="157" count="0" type="stmt"/>
        <line num="159" count="0" type="stmt"/>
        <line num="160" count="0" type="stmt"/>
        <line num="161" count="0" type="stmt"/>
        <line num="162" count="0" type="stmt"/>
        <line num="163" count="0" type="stmt"/>
        <line num="164" count="0" type="stmt"/>
        <line num="165" count="0" type="stmt"/>
        <line num="166" count="0" type="stmt"/>
        <line num="167" count="0" type="stmt"/>
        <line num="168" count="0" type="stmt"/>
        <line num="169" count="0" type="stmt"/>
        <line num="170" count="0" type="stmt"/>
        <line num="172" count="0" type="stmt"/>
        <line num="173" count="0" type="stmt"/>
        <line num="175" count="0" type="stmt"/>
      </file>
      <file name="separator.tsx" path="/Volumes/Workspace/nodejs/Liberty/saas-starter/convex-authz-tenants-packages/packages/tenants/src/react/ui/separator.tsx">
        <metrics statements="21" coveredstatements="0" conditionals="1" coveredconditionals="0" methods="1" coveredmethods="0"/>
        <line num="1" count="0" type="cond" truecount="0" falsecount="1"/>
        <line num="2" count="0" type="stmt"/>
        <line num="4" count="0" type="stmt"/>
        <line num="6" count="0" type="stmt"/>
        <line num="7" count="0" type="stmt"/>
        <line num="8" count="0" type="stmt"/>
        <line num="9" count="0" type="stmt"/>
        <line num="10" count="0" type="stmt"/>
        <line num="11" count="0" type="stmt"/>
        <line num="12" count="0" type="stmt"/>
        <line num="13" count="0" type="stmt"/>
        <line num="14" count="0" type="stmt"/>
        <line num="15" count="0" type="stmt"/>
        <line num="16" count="0" type="stmt"/>
        <line num="17" count="0" type="stmt"/>
        <line num="18" count="0" type="stmt"/>
        <line num="19" count="0" type="stmt"/>
        <line num="20" count="0" type="stmt"/>
        <line num="21" count="0" type="stmt"/>
        <line num="22" count="0" type="stmt"/>
        <line num="24" count="0" type="stmt"/>
      </file>
      <file name="skeleton.tsx" path="/Volumes/Workspace/nodejs/Liberty/saas-starter/convex-authz-tenants-packages/packages/tenants/src/react/ui/skeleton.tsx">
        <metrics statements="12" coveredstatements="0" conditionals="1" coveredconditionals="0" methods="1" coveredmethods="0"/>
        <line num="1" count="0" type="cond" truecount="0" falsecount="1"/>
        <line num="3" count="0" type="stmt"/>
        <line num="4" count="0" type="stmt"/>
        <line num="5" count="0" type="stmt"/>
        <line num="6" count="0" type="stmt"/>
        <line num="7" count="0" type="stmt"/>
        <line num="8" count="0" type="stmt"/>
        <line num="9" count="0" type="stmt"/>
        <line num="10" count="0" type="stmt"/>
        <line num="11" count="0" type="stmt"/>
        <line num="12" count="0" type="stmt"/>
        <line num="14" count="0" type="stmt"/>
      </file>
      <file name="table.tsx" path="/Volumes/Workspace/nodejs/Liberty/saas-starter/convex-authz-tenants-packages/packages/tenants/src/react/ui/table.tsx">
        <metrics statements="85" coveredstatements="0" conditionals="1" coveredconditionals="1" methods="1" coveredmethods="1"/>
        <line num="3" count="0" type="stmt"/>
        <line num="5" count="0" type="stmt"/>
        <line num="7" count="0" type="stmt"/>
        <line num="8" count="0" type="stmt"/>
        <line num="9" count="0" type="stmt"/>
        <line num="10" count="0" type="stmt"/>
        <line num="11" count="0" type="stmt"/>
        <line num="13" count="0" type="stmt"/>
        <line num="14" count="0" type="stmt"/>
        <line num="15" count="0" type="stmt"/>
        <line num="16" count="0" type="stmt"/>
        <line num="17" count="0" type="stmt"/>
        <line num="18" count="0" type="stmt"/>
        <line num="20" count="0" type="stmt"/>
        <line num="22" count="0" type="stmt"/>
        <line num="23" count="0" type="stmt"/>
        <line num="24" count="0" type="stmt"/>
        <line num="25" count="0" type="stmt"/>
        <line num="26" count="0" type="stmt"/>
        <line num="27" count="0" type="stmt"/>
        <line num="28" count="0" type="stmt"/>
        <line num="30" count="0" type="stmt"/>
        <line num="32" count="0" type="stmt"/>
        <line num="33" count="0" type="stmt"/>
        <line num="34" count="0" type="stmt"/>
        <line num="35" count="0" type="stmt"/>
        <line num="36" count="0" type="stmt"/>
        <line num="37" count="0" type="stmt"/>
        <line num="38" count="0" type="stmt"/>
        <line num="40" count="0" type="stmt"/>
        <line num="42" count="0" type="stmt"/>
        <line num="43" count="0" type="stmt"/>
        <line num="44" count="0" type="stmt"/>
        <line num="45" count="0" type="stmt"/>
        <line num="46" count="0" type="stmt"/>
        <line num="47" count="0" type="stmt"/>
        <line num="48" count="0" type="stmt"/>
        <line num="49" count="0" type="stmt"/>
        <line num="50" count="0" type="stmt"/>
        <line num="51" count="0" type="stmt"/>
        <line num="53" count="0" type="stmt"/>
        <line num="55" count="0" type="stmt"/>
        <line num="56" count="0" type="stmt"/>
        <line num="57" count="0" type="stmt"/>
        <line num="58" count="0" type="stmt"/>
        <line num="59" count="0" type="stmt"/>
        <line num="60" count="0" type="stmt"/>
        <line num="61" count="0" type="stmt"/>
        <line num="62" count="0" type="stmt"/>
        <line num="63" count="0" type="stmt"/>
        <line num="64" count="0" type="stmt"/>
        <line num="66" count="0" type="stmt"/>
        <line num="68" count="0" type="stmt"/>
        <line num="69" count="0" type="stmt"/>
        <line num="70" count="0" type="stmt"/>
        <line num="71" count="0" type="stmt"/>
        <line num="72" count="0" type="stmt"/>
        <line num="73" count="0" type="stmt"/>
        <line num="74" count="0" type="stmt"/>
        <line num="75" count="0" type="stmt"/>
        <line num="76" count="0" type="stmt"/>
        <line num="77" count="0" type="stmt"/>
        <line num="79" count="0" type="stmt"/>
        <line num="81" count="0" type="stmt"/>
        <line num="82" count="0" type="stmt"/>
        <line num="83" count="0" type="stmt"/>
        <line num="84" count="0" type="stmt"/>
        <line num="85" count="0" type="stmt"/>
        <line num="86" count="0" type="stmt"/>
        <line num="87" count="0" type="stmt"/>
        <line num="88" count="0" type="stmt"/>
        <line num="89" count="0" type="stmt"/>
        <line num="90" count="0" type="stmt"/>
        <line num="92" count="0" type="stmt"/>
        <line num="94" count="0" type="stmt"/>
        <line num="95" count="0" type="stmt"/>
        <line num="96" count="0" type="stmt"/>
        <line num="97" count="0" type="stmt"/>
        <line num="98" count="0" type="stmt"/>
        <line num="99" count="0" type="stmt"/>
        <line num="100" count="0" type="stmt"/>
        <line num="101" count="0" type="stmt"/>
        <line num="102" count="0" type="stmt"/>
        <line num="103" count="0" type="stmt"/>
        <line num="105" count="0" type="stmt"/>
      </file>
      <file name="textarea.tsx" path="/Volumes/Workspace/nodejs/Liberty/saas-starter/convex-authz-tenants-packages/packages/tenants/src/react/ui/textarea.tsx">
        <metrics statements="13" coveredstatements="0" conditionals="1" coveredconditionals="0" methods="1" coveredmethods="0"/>
        <line num="1" count="0" type="cond" truecount="0" falsecount="1"/>
        <line num="3" count="0" type="stmt"/>
        <line num="5" count="0" type="stmt"/>
        <line num="6" count="0" type="stmt"/>
        <line num="7" count="0" type="stmt"/>
        <line num="8" count="0" type="stmt"/>
        <line num="9" count="0" type="stmt"/>
        <line num="10" count="0" type="stmt"/>
        <line num="11" count="0" type="stmt"/>
        <line num="12" count="0" type="stmt"/>
        <line num="13" count="0" type="stmt"/>
        <line num="14" count="0" type="stmt"/>
        <line num="16" count="0" type="stmt"/>
      </file>
    </package>
  </project>
</coverage>
